x: 61.10156505013487 cm
y: -30.508513403479537 cm
theta: -53.0666666666667 degrees
gyro: -67 degrees
left power: -80% percent
right power: -60% percent
---------------------------------------------
x: 79.58913358691508 cm
y: -55.46265312625236 cm
theta: -53.86666666666671 degrees
gyro: 0 degrees
left power: -60% percent
right power: -60% percent
---------------------------------------------
x: 82.2556120907908 cm
y: -65.65080918913668 cm
theta: 623.1999999999999 degrees
gyro: 481 degrees
left power: 50% percent
right power: -80% percent
---------------------------------------------
