part3 test
goal: [0.0, 24.5]
guess: [0.8485840414980416, 24.45753540486322]
lhs: [-0.8485840414980416, 0.04246459513678147]
angles: [1.5973809843694013, -0.07654294919896565]
delta: [0.026584657574504886, 0.02345705080103436]
motor degrees 1: -1.5231886788196258
motor degrees 2: 1.3439900107232359
-------------------
goal: [-0.5, 24.183333333333334]
guess: [-0.0008355598701649813, 24.483741305484596]
lhs: [-0.499164440129835, -0.30040797215126247]
angles: [1.862981646769714, -0.7837468809201421]
delta: [0.2656006624003127, -0.7072039317211765]
motor degrees 1: -15.217796991416932
motor degrees 2: -40.51980054268145
-------------------
goal: [-1.0, 23.866666666666667]
guess: [-0.5967031540337171, 22.815440465835547]
lhs: [-0.4032968459662829, 1.0512262008311204]
angles: [1.7977846885913584, -0.5314247830900792]
delta: [-0.0651969581783555, 0.2523220978300629]
motor degrees 1: 3.7355105407107057
motor degrees 2: 14.45699128354967
-------------------
goal: [-1.5, 23.55]
guess: [-1.0527843533212424, 23.69871336698101]
lhs: [-0.4472156466787576, -0.1487133669810099]
angles: [1.8318157324270945, -0.5757299090284032]
delta: [0.03403104383573615, -0.0443051259383239]
motor degrees 1: -1.9498351842123778
motor degrees 2: -2.538496727061551
-------------------
goal: [-2.0, 23.233333333333334]
guess: [-1.4979487341173576, 23.540569761030046]
lhs: [-0.5020512658826424, -0.30723642769671144]
angles: [1.8831926609260055, -0.6632508701382155]
delta: [0.05137692849891085, -0.0875209611098123]
motor degrees 1: -2.9436811673329917
motor degrees 2: -5.014581690520859
-------------------
goal: [-2.5, 22.916666666666668]
guess: [-1.9959844002431133, 23.207771507782066]
lhs: [-0.5040155997568867, -0.29110484111539847]
angles: [1.9285286745448365, -0.7319204095342693]
delta: [0.04533601361883095, -0.06866953939605383]
motor degrees 1: -2.597562240306636
motor degrees 2: -3.9344747885012206
-------------------
goal: [-3.0, 22.6]
guess: [-2.495523056267836, 22.898932033869677]
lhs: [-0.5044769437321639, -0.2989320338696757]
angles: [1.9717954123377508, -0.7933833744505935]
delta: [0.04326673779291424, -0.06146296491632416]
motor degrees 1: -2.4790014688331605
motor degrees 2: -3.5215684860660232
-------------------
goal: [-3.5, 22.28333333333333]
guess: [-2.9950769106732458, 22.58474315240426]
lhs: [-0.5049230893267542, -0.3014098190709298]
angles: [2.0131488283217447, -0.8480094517487485]
delta: [0.041353415983993926, -0.05462607729815504]
motor degrees 1: -2.36937620433169
motor degrees 2: -3.129843680539683
-------------------
goal: [-4.0, 21.96666666666667]
guess: [-3.494776347756529, 22.270122656552278]
lhs: [-0.5052236522434712, -0.3034559898856095]
angles: [2.053000772042276, -0.8969564142263577]
delta: [0.0398519437205311, -0.04894696247760917]
motor degrees 1: -2.2833481805793157
motor degrees 2: -2.8044543699522086
-------------------
goal: [-4.5, 21.65]
guess: [-3.994549142404759, 21.95493533937588]
lhs: [-0.5054508575952412, -0.3049353393758807]
angles: [2.0916125890704094, -0.9409536111481926]
delta: [0.03861181702813345, -0.04399719692183494]
motor degrees 1: -2.2122941550434114
motor degrees 2: -2.5208536940271187
-------------------
goal: [-5.0, 21.333333333333332]
guess: [-4.494383626596079, 21.63939277088022]
lhs: [-0.505616373403921, -0.3060594375468888]
angles: [2.129174771709363, -0.9805380930005828]
delta: [0.03756218263895345, -0.039584481852390115]
motor degrees 1: -2.1521545345116055
motor degrees 2: -2.2680237443541524
-------------------
goal: [-5.5, 21.016666666666666]
guess: [-4.994268732379882, 21.323598147334746]
lhs: [-0.505731267620118, -0.30693148066808007]
angles: [2.1658262352496345, -1.0161092319505163]
delta: [0.03665146354027162, -0.03557113894993352]
motor degrees 1: -2.0999741738351783
motor degrees 2: -2.038076134304606
-------------------
goal: [-6.0, 20.7]
guess: [-5.494197629727936, 21.00761832876148]
lhs: [-0.5058023702720638, -0.30761832876148176]
angles: [2.2016684756235434, -1.0479696764983524]
delta: [0.03584224037390892, -0.031860444547836174]
motor degrees 1: -2.053609101718383
motor degrees 2: -1.8254690060016072
-------------------
goal: [-6.5, 20.383333333333333]
guess: [-5.994165611892068, 20.691497217477597]
lhs: [-0.5058343881079317, -0.308163884144264]
angles: [2.2367746687350123, -1.076351773082561]
delta: [0.035106193111468766, -0.028382096584208465]
motor degrees 1: -2.011436700058404
motor degrees 2: -1.6261743480078152
-------------------
goal: [-7.0, 20.066666666666666]
guess: [-6.494169231724261, 20.375264619495127]
lhs: [-0.5058307682757386, -0.30859795282846036]
angles: [2.271195814457246, -1.1014355083251048]
delta: [0.03442114572223385, -0.025083735242544]
motor degrees 1: -1.9721863758887874
motor degrees 2: -1.4371921638213336
-------------------
goal: [-7.5, 19.75]
guess: [-6.9942057368155925, 20.058941269609363]
lhs: [-0.5057942631844075, -0.3089412696093632]
angles: [2.3049650138916595, -1.1233610417940256]
delta: [0.03376919943441333, -0.021925533468920698]
motor degrees 1: -1.9348326051274505
motor degrees 2: -1.2562405313419873
-------------------
goal: [-8.0, 19.433333333333334]
guess: [-7.494272699889946, 19.74254186840358]
lhs: [-0.5057273001100544, -0.3092085350702476]
angles: [2.338100537686359, -1.1422376761764412]
delta: [0.03313552379469934, -0.018876634382415505]
motor degrees 1: -1.8985256653915863
motor degrees 2: -1.0815514815239478
-------------------
goal: [-8.5, 19.116666666666667]
guess: [-7.994367764936322, 19.426076992459194]
lhs: [-0.5056322350636782, -0.3094103257925269]
angles: [2.3706080931375695, -1.15815040027817]
delta: [0.032507555451210854, -0.01591272410172876]
motor degrees 1: -1.8625457296418744
motor degrees 2: -0.911731931585162
-------------------
goal: [-9.0, 18.8]
guess: [-8.494488467490992, 19.109554341268048]
lhs: [-0.5055115325090078, -0.30955434126804704]
angles: [2.4024825501722353, -1.1711647228847575]
delta: [0.03187445703466593, -0.013014322606587603]
motor degrees 1: -1.826271862357435
motor degrees 2: -0.7456657585791662
-------------------
goal: [-9.5, 18.483333333333334]
guess: [-8.994632105859509, 18.792979578809955]
lhs: [-0.5053678941404911, -0.3096462454766211]
angles: [2.433709295473631, -1.1813302615237513]
delta: [0.031226745301395575, -0.010165538638993733]
motor degrees 1: -1.7891607136999403
motor degrees 2: -0.5824424604915038
-------------------
goal: [-10.0, 18.166666666666668]
guess: [-9.49479564989508, 18.47635691838439]
lhs: [-0.5052043501049202, -0.309690251717722]
angles: [2.4642653258158984, -1.1886833905581757]
delta: [0.030556030342267587, -0.00735312903442447]
motor degrees 1: -1.7507315772856171
motor degrees 2: -0.42130325988762835
-------------------
goal: [-10.5, 17.85]
guess: [-9.994975679093724, 18.159689538554918]
lhs: [-0.5050243209062764, -0.30968953855491677]
angles: [2.4941201527661723, -1.1932491495213853]
delta: [0.02985482695027393, -0.004565758963209526]
motor degrees 1: -1.710555582344123
motor degrees 2: -0.26159871886593233
-------------------
goal: [-11.0, 17.53333333333333]
guess: [-10.495168344223055, 17.842979883081412]
lhs: [-0.504831655776945, -0.3096465497480807]
angles: [2.523236563672899, -1.1950425431173446]
delta: [0.02911641090672675, -0.00179339359595934]
motor degrees 1: -1.6682474595241212
motor degrees 2: -0.10275388405426018
-------------------
goal: [-11.5, 17.21666666666667]
guess: [-10.995369347518512, 17.526229876903972]
lhs: [-0.5046306524814881, -0.3095632102373038]
angles: [2.5515712637923667, -1.194069315620799]
delta: [0.0283347001194678, 0.0009732274965454287]
motor degrees 1: -1.6234587306143344
motor degrees 2: 0.05576182805813597
-------------------
goal: [-12.0, 16.9]
guess: [-11.495573936232555, 17.209441077514132]
lhs: [-0.5044260637674451, -0.3094410775141334]
angles: [2.5790754087528884, -1.1903262461536652]
delta: [0.027504144960521677, 0.003743069467133902]
motor degrees 1: -1.5758714253539043
motor degrees 2: 0.2144620828910546
-------------------
goal: [-12.5, 16.583333333333336]
guess: [-11.995776903332272, 16.89261477305987]
lhs: [-0.5042230966677277, -0.3092814397265329]
angles: [2.6056950235049645, -1.1838009817924517]
delta: [0.026619614752075995, 0.0065252643612135255]
motor degrees 1: -1.5251915775581397
motor degrees 2: 0.37387010810466415
-------------------
goal: [-13.0, 16.266666666666666]
guess: [-12.495972587568712, 16.57575203334639]
lhs: [-0.504027412431288, -0.3090853666797244]
angles: [2.631371292109946, -1.174471398334034]
delta: [0.02567626860498161, 0.009329583458417752]
motor degrees 1: -1.4711418247097041
motor degrees 2: 0.5345457567824036
-------------------
goal: [-13.5, 15.950000000000001]
guess: [-12.9961548630058, 16.258853716299804]
lhs: [-0.5038451369941992, -0.3088537162998026]
angles: [2.6560406909658276, -1.1623044499255126]
delta: [0.024669398855881278, 0.01216694840852145]
motor degrees 1: -1.413452437566859
motor degrees 2: 0.6971147933616928
-------------------
goal: [-14.0, 15.633333333333333]
guess: [-13.496317105249757, 15.941920429591487]
lhs: [-0.5036828947502432, -0.3085870962581545]
angles: [2.679634924992629, -1.1472544344527622]
delta: [0.023594234026800977, 0.015050015472750448]
motor degrees 1: -1.3518500305796533
motor degrees 2: 0.8623023681951871
-------------------
goal: [-14.5, 15.316666666666666]
guess: [-13.996452117668166, 15.624952444231122]
lhs: [-0.5035478823318336, -0.3082857775644552]
angles: [2.7020806100722963, -1.1292605562163651]
delta: [0.022445685079667328, 0.017993878236397143]
motor degrees 1: -1.2860430233447009
motor degrees 2: 1.0309732800178613
-------------------
